<?xml version="1.0" encoding="UTF-8"?>
<!-- Generated by org.testng.reporters.JUnitReportReporter -->
<testsuite hostname="CPU0057" name="parallelExecution.com.thinksys.parallelExecution.Stest" tests="2" failures="0" timestamp="30 Oct 2017 07:38:34 GMT" time="16.928" errors="0">
  <testcase name="VerifyTitle" time="7.420" classname="parallelExecution.com.thinksys.parallelExecution.Stest"/>
  <testcase name="VerifyTitle" time="9.508" classname="parallelExecution.com.thinksys.parallelExecution.Stest"/>
</testsuite> <!-- parallelExecution.com.thinksys.parallelExecution.Stest -->
