<?xml version="1.0" encoding="UTF-8"?>
<!-- Generated by org.testng.reporters.JUnitReportReporter -->
<testsuite hostname="CPU0057" name="parallelExecution.com.thinksys.parallelExecution.LoginTestCases" tests="2" failures="0" timestamp="6 Dec 2017 14:29:03 GMT" time="23.440" errors="0">
  <testcase name="login" time="13.521" classname="parallelExecution.com.thinksys.parallelExecution.LoginTestCases"/>
  <testcase name="loginWithIncorrectPassword" time="9.919" classname="parallelExecution.com.thinksys.parallelExecution.LoginTestCases"/>
</testsuite> <!-- parallelExecution.com.thinksys.parallelExecution.LoginTestCases -->
