<?xml version="1.0" encoding="UTF-8"?>
<!-- Generated by org.testng.reporters.JUnitReportReporter -->
<testsuite hostname="CPU0057" name="parallelExecution.com.thinksys.parallelExecution.LoginTestCases" tests="4" failures="0" timestamp="11 Dec 2017 13:03:43 GMT" time="54.077" errors="0">
  <testcase name="loginWithIncorrectPassword" time="12.586" classname="parallelExecution.com.thinksys.parallelExecution.LoginTestCases"/>
  <testcase name="login" time="11.011" classname="parallelExecution.com.thinksys.parallelExecution.LoginTestCases"/>
  <testcase name="login" time="17.248" classname="parallelExecution.com.thinksys.parallelExecution.LoginTestCases"/>
  <testcase name="loginWithIncorrectPassword" time="13.232" classname="parallelExecution.com.thinksys.parallelExecution.LoginTestCases"/>
</testsuite> <!-- parallelExecution.com.thinksys.parallelExecution.LoginTestCases -->
