<?xml version="1.0" encoding="UTF-8"?>
<!-- Generated by org.testng.reporters.JUnitReportReporter -->
<testsuite hostname="CPU0057" name="parallelExecution.com.thinksys.parallelExecution.RegistrationTestCases" tests="6" failures="0" timestamp="11 Dec 2017 13:03:43 GMT" time="76.986" errors="0">
  <testcase name="registration" time="10.675" classname="parallelExecution.com.thinksys.parallelExecution.RegistrationTestCases"/>
  <testcase name="verifyAccountInfoAfterRegistration" time="10.133" classname="parallelExecution.com.thinksys.parallelExecution.RegistrationTestCases"/>
  <testcase name="registration" time="12.795" classname="parallelExecution.com.thinksys.parallelExecution.RegistrationTestCases"/>
  <testcase name="registrationWithExistingEmail" time="16.486" classname="parallelExecution.com.thinksys.parallelExecution.RegistrationTestCases"/>
  <testcase name="registrationWithExistingEmail" time="15.431" classname="parallelExecution.com.thinksys.parallelExecution.RegistrationTestCases"/>
  <testcase name="verifyAccountInfoAfterRegistration" time="11.466" classname="parallelExecution.com.thinksys.parallelExecution.RegistrationTestCases"/>
</testsuite> <!-- parallelExecution.com.thinksys.parallelExecution.RegistrationTestCases -->
